STEP to UG
! INFO-     NX STEP AP203 - V10.0
! INFO-      
! INFO-     Start of Translation: 25-SEP-2016  5:13:24 PM
! INFO-      
! STATUS-   Converting Part: Z:\2017\2017 Electrical\NX Models\2017 Electrical Panel\DRC22-40PA.stp
! SUMMARY-   
! SUMMARY-    STEP Header Information
! SUMMARY-   
! SUMMARY-  Description      Unknown
! SUMMARY-  Imp_Level        2;1
! SUMMARY-  File_Name        C-DRC22-40PA
! SUMMARY-  Date             2016-09-19T
! SUMMARY-  Author           workeradm
! SUMMARY-  Organization     Tyco Electronics Ltd.
! SUMMARY-  Pre_Version      CREO PARAMETRIC BY PTC INC, 2016050
! SUMMARY-  Orig_System      CREO PARAMETRIC BY PTC INC, 2016050
! SUMMARY-  Authorization    Unknown
! SUMMARY-  Schema_ID        automotive_design
! SUMMARY-   
! SUMMARY-    Summary of STEP Entities
! SUMMARY-   
! SUMMARY-  Entity Type                                                   Count
! SUMMARY-  -----------                                                   ------
! SUMMARY-  advanced_brep_shape_representation .........................:      1
! SUMMARY-  advanced_face ..............................................:   1204
! SUMMARY-  application_context ........................................:      1
! SUMMARY-  application_protocol_definition ............................:      1
! SUMMARY-  axis2_placement_3d .........................................:   2376
! SUMMARY-  b_spline_curve_with_knots ..................................:     97
! SUMMARY-  b_spline_surface_with_knots_and_rational_b_spline_surface ..:     35
! SUMMARY-  cartesian_point ............................................:   8034
! SUMMARY-  circle .....................................................:   1207
! SUMMARY-  closed_shell ...............................................:      1
! SUMMARY-  conical_surface ............................................:    126
! SUMMARY-  conversion_based_unit_and_plane_angle_unit .................:      1
! SUMMARY-  cylindrical_surface ........................................:    368
! SUMMARY-  direction ..................................................:   6273
! SUMMARY-  edge_curve .................................................:   2825
! SUMMARY-  edge_loop ..................................................:   1345
! SUMMARY-  face_bound .................................................:    141
! SUMMARY-  face_outer_bound ...........................................:   1204
! SUMMARY-  geometric_representation_context_and_global_uncertainty_a ..:      1
! SUMMARY-  length_unit_and_si_unit ....................................:      5
! SUMMARY-  line .......................................................:   1521
! SUMMARY-  manifold_solid_brep ........................................:      1
! SUMMARY-  oriented_edge ..............................................:   5650
! SUMMARY-  plane ......................................................:    518
! SUMMARY-  plane_angle_measure_with_unit ..............................:      1
! SUMMARY-  plane_angle_unit_and_si_unit ...............................:      1
! SUMMARY-  product ....................................................:      1
! SUMMARY-  product_context ............................................:      1
! SUMMARY-  product_definition .........................................:      1
! SUMMARY-  product_definition_context .................................:      1
! SUMMARY-  product_definition_formation ...............................:      1
! SUMMARY-  product_definition_shape ...................................:      1
! SUMMARY-  product_related_product_category ...........................:      1
! SUMMARY-  property_definition ........................................:      7
! SUMMARY-  property_definition_representation .........................:      6
! SUMMARY-  representation .............................................:      6
! SUMMARY-  shape_aspect ...............................................:      1
! SUMMARY-  shape_definition_representation ............................:      2
! SUMMARY-  shape_representation .......................................:      1
! SUMMARY-  si_unit_and_solid_angle_unit ...............................:      1
! SUMMARY-  toroidal_surface ...........................................:    157
! SUMMARY-  uncertainty_measure_with_unit ..............................:      1
! SUMMARY-  vector .....................................................:   1521
! SUMMARY-  vertex_point ...............................................:   1764
! SUMMARY-                                                               -------
! SUMMARY-  Total                                                          36412
! STATUS-    
! STATUS-   Converting to Output Form (Phase 2 of 3): 25-SEP-2016 5:13:25 PM
! STATUS-    
! STATUS-    
! STATUS-   Generating UG geometry and placing them in parts
! STATUS-    
! STATUS-   Creating the UG part (Phase 3 of 3): 25-SEP-2016  5:13:25 PM
! STATUS-    
! STATUS-   Creating UG solid body from Input Ent Id 36499
! STATUS-    
! STATUS-   fixing vertex off curve and/or edge reversed faults
! STATUS-    
! STATUS-   fixing vertex and/or edge off surface faults
! STATUS-    
! STATUS-   simplifying Bsplines to analytics
! STATUS-    
! STATUS-   converting tolerant edges into exact edges
! STATUS-    
! STATUS-   doing final check of body to report any faults
! STATUS-    
! INFO-     Filing Part ..: Z:\2017\2017 Electrical\NX Models\2017 Electrical Panel\DRC22-40PA.prt
! SUMMARY-   
! SUMMARY-  Summary of Unigraphics Part Entities
! SUMMARY-   
! SUMMARY-  Entities Processed             Count
! SUMMARY-  ------------------             -----
! SUMMARY-  Part Attribute ..............:     5
! SUMMARY-  Reference Set ...............:     2
! SUMMARY-  Solid .......................:     1
! SUMMARY-                                 -----
! SUMMARY-  Total                              8
! INFO-      
! INFO-     Total number of solids input for this translation       :         1
! INFO-      
! INFO-     Number of solids created without body validation faults :         1
! INFO-      
! INFO-     Number of solids created with body validation fault(s)  :         0
! INFO-      
! INFO-     Number of solids ending up as sheet bodies              :         0
! INFO-      
! INFO-     End of Translation: 25-SEP-2016  5:13:29 PM
! INFO-      
