STEP to UG
! INFO-     NX STEP AP203 - V10.0
! INFO-      
! INFO-     Start of Translation: 24-SEP-2016  10:59:55 PM
! INFO-      
! STATUS-   Converting Part: Z:\2017\2017 Electrical\NX Models\Starter Relay.stp
! SUMMARY-   
! SUMMARY-    STEP Header Information
! SUMMARY-   
! SUMMARY-  Description      Unknown
! SUMMARY-  Imp_Level        2;1
! SUMMARY-  File_Name        C-1904000-1
! SUMMARY-  Date             2015-03-27T
! SUMMARY-  Author           workeradm
! SUMMARY-  Organization     Tyco Electronics Ltd.
! SUMMARY-  Pre_Version      PRO/ENGINEER BY PARAMETRIC TECHNOLOGY CORPORATION, 2014090
! SUMMARY-  Orig_System      PRO/ENGINEER BY PARAMETRIC TECHNOLOGY CORPORATION, 2014090
! SUMMARY-  Authorization    Unknown
! SUMMARY-  Schema_ID        automotive_design
! SUMMARY-   
! SUMMARY-    Summary of STEP Entities
! SUMMARY-   
! SUMMARY-  Entity Type                                                   Count
! SUMMARY-  -----------                                                   ------
! SUMMARY-  advanced_brep_shape_representation .........................:      1
! SUMMARY-  advanced_face ..............................................:    216
! SUMMARY-  application_context ........................................:      1
! SUMMARY-  application_protocol_definition ............................:      1
! SUMMARY-  axis2_placement_3d .........................................:    370
! SUMMARY-  b_spline_curve_with_knots ..................................:     24
! SUMMARY-  cartesian_point ............................................:   1415
! SUMMARY-  circle .....................................................:    154
! SUMMARY-  closed_shell ...............................................:      1
! SUMMARY-  conical_surface ............................................:      6
! SUMMARY-  conversion_based_unit_and_plane_angle_unit .................:      1
! SUMMARY-  cylindrical_surface ........................................:     80
! SUMMARY-  direction ..................................................:   1123
! SUMMARY-  edge_curve .................................................:    561
! SUMMARY-  edge_loop ..................................................:    233
! SUMMARY-  face_bound .................................................:     17
! SUMMARY-  face_outer_bound ...........................................:    216
! SUMMARY-  geometric_representation_context_and_global_uncertainty_a ..:      1
! SUMMARY-  length_unit_and_si_unit ....................................:      5
! SUMMARY-  line .......................................................:    383
! SUMMARY-  manifold_solid_brep ........................................:      1
! SUMMARY-  oriented_edge ..............................................:   1122
! SUMMARY-  plane ......................................................:    126
! SUMMARY-  plane_angle_measure_with_unit ..............................:      1
! SUMMARY-  plane_angle_unit_and_si_unit ...............................:      1
! SUMMARY-  product ....................................................:      1
! SUMMARY-  product_context ............................................:      1
! SUMMARY-  product_definition .........................................:      1
! SUMMARY-  product_definition_context .................................:      1
! SUMMARY-  product_definition_formation ...............................:      1
! SUMMARY-  product_definition_shape ...................................:      1
! SUMMARY-  product_related_product_category ...........................:      1
! SUMMARY-  property_definition ........................................:      7
! SUMMARY-  property_definition_representation .........................:      6
! SUMMARY-  representation .............................................:      6
! SUMMARY-  shape_aspect ...............................................:      1
! SUMMARY-  shape_definition_representation ............................:      2
! SUMMARY-  shape_representation .......................................:      1
! SUMMARY-  si_unit_and_solid_angle_unit ...............................:      1
! SUMMARY-  spherical_surface ..........................................:      4
! SUMMARY-  uncertainty_measure_with_unit ..............................:      1
! SUMMARY-  vector .....................................................:    383
! SUMMARY-  vertex_point ...............................................:    360
! SUMMARY-                                                               -------
! SUMMARY-  Total                                                           6839
! STATUS-    
! STATUS-   Converting to Output Form (Phase 2 of 3): 24-SEP-2016 10:59:55 PM
! STATUS-    
! STATUS-    
! STATUS-   Generating UG geometry and placing them in parts
! STATUS-    
! STATUS-   Creating the UG part (Phase 3 of 3): 24-SEP-2016  10:59:55 PM
! STATUS-    
! STATUS-   Creating UG solid body from Input Ent Id 6926
! STATUS-    
! STATUS-   fixing vertex and/or edge off surface faults
! STATUS-    
! STATUS-   fixing face-face inconsistency faults
! STATUS-    
! STATUS-   simplifying Bsplines to analytics
! STATUS-    
! STATUS-   converting tolerant edges into exact edges
! STATUS-    
! STATUS-   doing final check of body to report any faults
! STATUS-    
! WARNING-  solid body contains fault: 13816 - RTSTFF: Face-Face inconsistency.
! WARNING-  solid body contains fault: 13816 - RTSTFF: Face-Face inconsistency.
! WARNING-  solid body (Unnamed) contains faults that could not be corrected
! WARNING-   
! INFO-     Filing Part ..: Z:\2017\2017 Electrical\NX Models\2017 Electrical Panel\Starter Relay.prt
! SUMMARY-   
! SUMMARY-  Summary of Unigraphics Part Entities
! SUMMARY-   
! SUMMARY-  Entities Processed             Count
! SUMMARY-  ------------------             -----
! SUMMARY-  Part Attribute ..............:     5
! SUMMARY-  Reference Set ...............:     2
! SUMMARY-  Solid .......................:     1
! SUMMARY-                                 -----
! SUMMARY-  Total                              8
! INFO-      
! INFO-     Total number of solids input for this translation       :         1
! INFO-      
! INFO-     Number of solids created without body validation faults :         0
! INFO-      
! INFO-     Number of solids created with body validation fault(s)  :         1
! INFO-      
! INFO-     Number of solids ending up as sheet bodies              :         0
! INFO-      
! INFO-     End of Translation: 24-SEP-2016  10:59:58 PM
! INFO-      
