STEP to UG
! INFO-     NX STEP AP214 - V10.0
! INFO-      
! INFO-     Start of Translation: 27-OCT-2016  1:52:46 PM
! INFO-      
! STATUS-   Converting Part: Z:\2017\2017 Electrical\NX Models\2017 Display\7seg\347920041.stp
! SUMMARY-   
! SUMMARY-    STEP Header Information
! SUMMARY-   
! SUMMARY-  Description      Unknown
! SUMMARY-  Imp_Level        2;1
! SUMMARY-  File_Name        347920041
! SUMMARY-  Date             2016-03-28T
! SUMMARY-  Author           me
! SUMMARY-  Organization     Unknown
! SUMMARY-  Pre_Version      PRO/ENGINEER BY PARAMETRIC TECHNOLOGY CORPORATION, 2012310
! SUMMARY-  Orig_System      PRO/ENGINEER BY PARAMETRIC TECHNOLOGY CORPORATION, 2012310
! SUMMARY-  Authorization    Unknown
! SUMMARY-  Schema_ID        ap203_configuration_controlled_3d_design_of_mechanical_parts_and_assemblies_mim_lf
! SUMMARY-   
! SUMMARY-    Summary of STEP Entities
! SUMMARY-   
! SUMMARY-  Entity Type                                                   Count
! SUMMARY-  -----------                                                   ------
! SUMMARY-  advanced_brep_shape_representation .........................:      1
! SUMMARY-  advanced_face ..............................................:    588
! SUMMARY-  application_context ........................................:      1
! SUMMARY-  application_protocol_definition ............................:      1
! SUMMARY-  approval ...................................................:      1
! SUMMARY-  approval_status ............................................:      1
! SUMMARY-  axis2_placement_3d .........................................:    805
! SUMMARY-  b_spline_curve_with_knots ..................................:    270
! SUMMARY-  b_spline_surface_with_knots ................................:     67
! SUMMARY-  b_spline_surface_with_knots_and_rational_b_spline_surface ..:      6
! SUMMARY-  calendar_date ..............................................:      1
! SUMMARY-  cartesian_point ............................................:  11126
! SUMMARY-  circle .....................................................:    289
! SUMMARY-  closed_shell ...............................................:      1
! SUMMARY-  composite_curve ............................................:      6
! SUMMARY-  composite_curve_segment ....................................:     12
! SUMMARY-  conversion_based_unit_and_plane_angle_unit .................:      1
! SUMMARY-  coordinated_universal_time_offset ..........................:      1
! SUMMARY-  cylindrical_surface ........................................:    202
! SUMMARY-  date_and_time ..............................................:      1
! SUMMARY-  design_context .............................................:      1
! SUMMARY-  dimensional_exponents ......................................:      1
! SUMMARY-  direction ..................................................:   2545
! SUMMARY-  edge_curve .................................................:   1482
! SUMMARY-  edge_loop ..................................................:    599
! SUMMARY-  face_bound .................................................:     11
! SUMMARY-  face_outer_bound ...........................................:    588
! SUMMARY-  geometric_representation_context_and_global_uncertainty_a ..:      1
! SUMMARY-  geometric_set ..............................................:      1
! SUMMARY-  geometrically_bounded_surface_shape_representation .........:      1
! SUMMARY-  length_unit_and_si_unit ....................................:      1
! SUMMARY-  line .......................................................:    935
! SUMMARY-  local_time .................................................:      1
! SUMMARY-  manifold_solid_brep ........................................:      1
! SUMMARY-  mechanical_context .........................................:      1
! SUMMARY-  organization ...............................................:      1
! SUMMARY-  oriented_edge ..............................................:   2964
! SUMMARY-  person .....................................................:      1
! SUMMARY-  person_and_organization ....................................:      1
! SUMMARY-  plane ......................................................:    277
! SUMMARY-  plane_angle_measure_with_unit ..............................:      1
! SUMMARY-  plane_angle_unit_and_si_unit ...............................:      1
! SUMMARY-  product ....................................................:      1
! SUMMARY-  product_category ...........................................:      1
! SUMMARY-  product_definition .........................................:      1
! SUMMARY-  product_definition_formation_with_specified_source .........:      1
! SUMMARY-  product_definition_shape ...................................:      1
! SUMMARY-  product_related_product_category ...........................:      1
! SUMMARY-  shape_definition_representation ............................:      1
! SUMMARY-  shape_representation .......................................:      1
! SUMMARY-  shape_representation_relationship ..........................:      2
! SUMMARY-  si_unit_and_solid_angle_unit ...............................:      1
! SUMMARY-  spherical_surface ..........................................:     34
! SUMMARY-  toroidal_surface ...........................................:      2
! SUMMARY-  trimmed_curve ..............................................:     12
! SUMMARY-  uncertainty_measure_with_unit ..............................:      1
! SUMMARY-  vector .....................................................:    935
! SUMMARY-  vertex_point ...............................................:    905
! SUMMARY-                                                               -------
! SUMMARY-  Total                                                          24696
! STATUS-    
! STATUS-   Converting to Output Form (Phase 2 of 3): 27-OCT-2016 1:52:46 PM
! STATUS-    
! STATUS-    
! STATUS-   Generating UG geometry and placing them in parts
! STATUS-    
! STATUS-   Creating the UG part (Phase 3 of 3): 27-OCT-2016  1:52:46 PM
! STATUS-    
! STATUS-   Creating UG solid body from Input Ent Id 24568
! STATUS-    
! STATUS-   fixing vertex off curve and/or edge reversed faults
! STATUS-    
! STATUS-   fixing vertex and/or edge off surface faults
! STATUS-    
! STATUS-   simplifying Bsplines to analytics
! STATUS-    
! STATUS-   converting tolerant edges into exact edges
! STATUS-    
! STATUS-   doing final check of body to report any faults
! STATUS-    
! INFO-     Filing Part ..: Z:\2017\2017 Electrical\NX Models\2017 Display\7seg\347920041.prt
! SUMMARY-   
! SUMMARY-  Summary of Unigraphics Part Entities
! SUMMARY-   
! SUMMARY-  Entities Processed             Count
! SUMMARY-  ------------------             -----
! SUMMARY-  Arc/Circle ..................:    12
! SUMMARY-  Solid .......................:     1
! SUMMARY-                                 -----
! SUMMARY-  Total                             13
! INFO-      
! INFO-     Total number of solids input for this translation       :         1
! INFO-      
! INFO-     Number of solids created without body validation faults :         1
! INFO-      
! INFO-     Number of solids created with body validation fault(s)  :         0
! INFO-      
! INFO-     Number of solids ending up as sheet bodies              :         0
! INFO-      
! INFO-     End of Translation: 27-OCT-2016  1:52:51 PM
! INFO-      
