STEP to UG
! INFO-     NX STEP AP214 - V10.0
! INFO-      
! INFO-     Start of Translation: 27-OCT-2016  2:40:29 PM
! INFO-      
! STATUS-   Converting Part: Z:\2017\2017 Electrical\NX Models\2017 Display\7seg\347910041Harness.stp
! SUMMARY-   
! SUMMARY-    STEP Header Information
! SUMMARY-   
! SUMMARY-  Description      Unknown
! SUMMARY-  Imp_Level        2;1
! SUMMARY-  File_Name        347910041
! SUMMARY-  Date             2016-04-07T
! SUMMARY-  Author           Me
! SUMMARY-  Organization     Unknown
! SUMMARY-  Pre_Version      PRO/ENGINEER BY PARAMETRIC TECHNOLOGY CORPORATION, 2012310
! SUMMARY-  Orig_System      PRO/ENGINEER BY PARAMETRIC TECHNOLOGY CORPORATION, 2012310
! SUMMARY-  Authorization    Unknown
! SUMMARY-  Schema_ID        ap203_configuration_controlled_3d_design_of_mechanical_parts_and_assemblies_mim_lf
! SUMMARY-   
! SUMMARY-    Summary of STEP Entities
! SUMMARY-   
! SUMMARY-  Entity Type                                                   Count
! SUMMARY-  -----------                                                   ------
! SUMMARY-  advanced_brep_shape_representation .........................:      1
! SUMMARY-  advanced_face ..............................................:    304
! SUMMARY-  application_context ........................................:      1
! SUMMARY-  application_protocol_definition ............................:      1
! SUMMARY-  approval ...................................................:      1
! SUMMARY-  approval_status ............................................:      1
! SUMMARY-  axis2_placement_3d .........................................:    393
! SUMMARY-  b_spline_curve_with_knots ..................................:    121
! SUMMARY-  b_spline_surface_with_knots ................................:     32
! SUMMARY-  brep_with_voids ............................................:      1
! SUMMARY-  calendar_date ..............................................:      1
! SUMMARY-  cartesian_point ............................................:   4762
! SUMMARY-  circle .....................................................:    120
! SUMMARY-  closed_shell ...............................................:      2
! SUMMARY-  conversion_based_unit_and_plane_angle_unit .................:      1
! SUMMARY-  coordinated_universal_time_offset ..........................:      1
! SUMMARY-  cylindrical_surface ........................................:     99
! SUMMARY-  date_and_time ..............................................:      1
! SUMMARY-  design_context .............................................:      1
! SUMMARY-  dimensional_exponents ......................................:      1
! SUMMARY-  direction ..................................................:   1290
! SUMMARY-  edge_curve .................................................:    745
! SUMMARY-  edge_loop ..................................................:    321
! SUMMARY-  face_bound .................................................:     17
! SUMMARY-  face_outer_bound ...........................................:    304
! SUMMARY-  geometric_representation_context_and_global_uncertainty_a ..:      1
! SUMMARY-  length_unit_and_si_unit ....................................:      1
! SUMMARY-  line .......................................................:    504
! SUMMARY-  local_time .................................................:      1
! SUMMARY-  mechanical_context .........................................:      1
! SUMMARY-  organization ...............................................:      1
! SUMMARY-  oriented_closed_shell ......................................:      1
! SUMMARY-  oriented_edge ..............................................:   1490
! SUMMARY-  person .....................................................:      1
! SUMMARY-  person_and_organization ....................................:      1
! SUMMARY-  plane ......................................................:    153
! SUMMARY-  plane_angle_measure_with_unit ..............................:      1
! SUMMARY-  plane_angle_unit_and_si_unit ...............................:      1
! SUMMARY-  product ....................................................:      1
! SUMMARY-  product_category ...........................................:      1
! SUMMARY-  product_definition .........................................:      1
! SUMMARY-  product_definition_formation_with_specified_source .........:      1
! SUMMARY-  product_definition_shape ...................................:      1
! SUMMARY-  product_related_product_category ...........................:      1
! SUMMARY-  shape_definition_representation ............................:      1
! SUMMARY-  si_unit_and_solid_angle_unit ...............................:      1
! SUMMARY-  spherical_surface ..........................................:     18
! SUMMARY-  toroidal_surface ...........................................:      2
! SUMMARY-  uncertainty_measure_with_unit ..............................:      1
! SUMMARY-  vector .....................................................:    504
! SUMMARY-  vertex_point ...............................................:    454
! SUMMARY-                                                               -------
! SUMMARY-  Total                                                          11666
! STATUS-    
! STATUS-   Converting to Output Form (Phase 2 of 3): 27-OCT-2016 2:40:29 PM
! STATUS-    
! STATUS-    
! STATUS-   Generating UG geometry and placing them in parts
! STATUS-    
! STATUS-   Creating the UG part (Phase 3 of 3): 27-OCT-2016  2:40:29 PM
! STATUS-    
! STATUS-   Creating UG solid body from Input Ent Id 11633
! STATUS-    
! STATUS-   fixing vertex off curve and/or edge reversed faults
! STATUS-    
! STATUS-   fixing vertex and/or edge off surface faults
! STATUS-    
! STATUS-   fixing face-face inconsistency faults
! STATUS-    
! STATUS-   simplifying Bsplines to analytics
! STATUS-    
! STATUS-   converting tolerant edges into exact edges
! STATUS-    
! STATUS-   doing final check of body to report any faults
! STATUS-    
! WARNING-  solid body contains fault: 13816 - RTSTFF: Face-Face inconsistency.
! WARNING-  solid body contains fault: 13816 - RTSTFF: Face-Face inconsistency.
! WARNING-  solid body contains fault: 13816 - RTSTFF: Face-Face inconsistency.
! WARNING-  solid body contains fault: 13816 - RTSTFF: Face-Face inconsistency.
! WARNING-  solid body contains fault: 13816 - RTSTFF: Face-Face inconsistency.
! WARNING-  solid body contains fault: 13816 - RTSTFF: Face-Face inconsistency.
! WARNING-  solid body contains fault: 13816 - RTSTFF: Face-Face inconsistency.
! WARNING-  solid body contains fault: 13816 - RTSTFF: Face-Face inconsistency.
! WARNING-  solid body contains fault: 13816 - RTSTFF: Face-Face inconsistency.
! WARNING-  solid body (Unnamed) contains faults that could not be corrected
! WARNING-   
! INFO-     Filing Part ..: Z:\2017\2017 Electrical\NX Models\2017 Display\7seg\347910041Harness.prt
! SUMMARY-   
! SUMMARY-  Summary of Unigraphics Part Entities
! SUMMARY-   
! SUMMARY-  Entities Processed             Count
! SUMMARY-  ------------------             -----
! SUMMARY-  Solid .......................:     1
! SUMMARY-                                 -----
! SUMMARY-  Total                              1
! INFO-      
! INFO-     Total number of solids input for this translation       :         1
! INFO-      
! INFO-     Number of solids created without body validation faults :         0
! INFO-      
! INFO-     Number of solids created with body validation fault(s)  :         1
! INFO-      
! INFO-     Number of solids ending up as sheet bodies              :         0
! INFO-      
! INFO-     End of Translation: 27-OCT-2016  2:40:32 PM
! INFO-      
