STEP to UG
! INFO-     NX STEP AP214 - V10.0
! INFO-      
! INFO-     Start of Translation: 28-OCT-2016  1:59:33 PM
! INFO-      
! STATUS-   Converting Part: Z:\2017\2017 Electrical\NX Models\2017 Display\7seg\B3F_1022.step
! SUMMARY-   
! SUMMARY-    STEP Header Information
! SUMMARY-   
! SUMMARY-  Description      STEP AP203
! SUMMARY-  Imp_Level        1
! SUMMARY-  File_Name        B3F_1022.step
! SUMMARY-  Date             2013-07-18T10:35:59
! SUMMARY-  Author           OSMC1.0   TAKUMI
! SUMMARY-  Organization     TAKUMI-Engniaring
! SUMMARY-  Pre_Version      SwSTEP 2.0
! SUMMARY-  Orig_System      SolidWorks 2002025
! SUMMARY-  Authorization    Unknown
! SUMMARY-  Schema_ID        ap203_configuration_controlled_3d_design_of_mechanical_parts_and_assemblies_mim_lf
! SUMMARY-   
! SUMMARY-    Summary of STEP Entities
! SUMMARY-   
! SUMMARY-  Entity Type                                                   Count
! SUMMARY-  -----------                                                   ------
! SUMMARY-  advanced_brep_shape_representation .........................:      2
! SUMMARY-  advanced_face ..............................................:     69
! SUMMARY-  application_context ........................................:      6
! SUMMARY-  application_protocol_definition ............................:      6
! SUMMARY-  approval ...................................................:     11
! SUMMARY-  approval_status ............................................:     11
! SUMMARY-  axis2_placement_3d .........................................:     98
! SUMMARY-  calendar_date ..............................................:     19
! SUMMARY-  cartesian_point ............................................:    354
! SUMMARY-  circle .....................................................:     24
! SUMMARY-  closed_shell ...............................................:      2
! SUMMARY-  context_dependent_shape_representation .....................:      2
! SUMMARY-  coordinated_universal_time_offset ..........................:     19
! SUMMARY-  cylindrical_surface ........................................:     12
! SUMMARY-  date_and_time ..............................................:     19
! SUMMARY-  design_context .............................................:      3
! SUMMARY-  direction ..................................................:    340
! SUMMARY-  edge_curve .................................................:    168
! SUMMARY-  edge_loop ..................................................:     78
! SUMMARY-  face_bound .................................................:      9
! SUMMARY-  face_outer_bound ...........................................:     69
! SUMMARY-  geometric_representation_context_and_global_uncertainty_a ..:      3
! SUMMARY-  item_defined_transformation ................................:      2
! SUMMARY-  length_unit_and_si_unit ....................................:      3
! SUMMARY-  line .......................................................:    144
! SUMMARY-  local_time .................................................:     19
! SUMMARY-  manifold_solid_brep ........................................:      2
! SUMMARY-  mechanical_context .........................................:      3
! SUMMARY-  next_assembly_usage_occurrence .............................:      2
! SUMMARY-  organization ...............................................:      3
! SUMMARY-  oriented_edge ..............................................:    336
! SUMMARY-  person .....................................................:      3
! SUMMARY-  person_and_organization ....................................:     26
! SUMMARY-  plane ......................................................:     57
! SUMMARY-  plane_angle_unit_and_si_unit ...............................:      3
! SUMMARY-  product ....................................................:      3
! SUMMARY-  product_definition .........................................:      3
! SUMMARY-  product_definition_formation_with_specified_source .........:      3
! SUMMARY-  product_definition_shape ...................................:      5
! SUMMARY-  product_related_product_category ...........................:      3
! SUMMARY-  representation_relationship_with_transformation_and_shape ..:      2
! SUMMARY-  shape_definition_representation ............................:      3
! SUMMARY-  shape_representation .......................................:      3
! SUMMARY-  shape_representation_relationship ..........................:      2
! SUMMARY-  si_unit_and_solid_angle_unit ...............................:      3
! SUMMARY-  uncertainty_measure_with_unit ..............................:      3
! SUMMARY-  vector .....................................................:    144
! SUMMARY-  vertex_point ...............................................:    112
! SUMMARY-                                                               -------
! SUMMARY-  Total                                                           2216
! STATUS-    
! STATUS-   Converting to Output Form (Phase 2 of 3): 28-OCT-2016 1:59:33 PM
! STATUS-    
! INFO-     CV0305 The entities referenced by a context_dependant_shape_rep are
! INFO-       not coded as to STEP Part 43 requirements.  The references to the
! INFO-       component and assembly pieces is out of order.  We will attempt
! INFO-       to correct this with the given data.  This problem should be
! INFO-       reported to the translator vendor whose product generated this
! INFO-       STEP file.  If we are unable to rectify this problem the
! INFO-       components may be positioned incorrectly.
! INFO-      
! STATUS-    
! STATUS-   Generating UG geometry and placing them in parts
! STATUS-    
! STATUS-   Creating the UG part (Phase 3 of 3): 28-OCT-2016  1:59:33 PM
! STATUS-    
! STATUS-   Creating UG solid body from Input Ent Id 150
! STATUS-    
! STATUS-   simplifying Bsplines to analytics
! STATUS-    
! STATUS-   converting tolerant edges into exact edges
! STATUS-    
! STATUS-   doing final check of body to report any faults
! STATUS-    
! INFO-     Filing Part ..: Z:\2017\2017 Electrical\NX Models\2017 Display\7seg\B3F_1022_BASE
! SUMMARY-   
! SUMMARY-  Summary of Unigraphics Part Entities
! SUMMARY-   
! SUMMARY-  Entities Processed             Count
! SUMMARY-  ------------------             -----
! SUMMARY-  Solid .......................:     1
! SUMMARY-                                 -----
! SUMMARY-  Total                              1
! STATUS-   Creating the UG part (Phase 3 of 3): 28-OCT-2016  1:59:36 PM
! STATUS-    
! STATUS-   Creating UG solid body from Input Ent Id 1847
! STATUS-    
! STATUS-   simplifying Bsplines to analytics
! STATUS-    
! STATUS-   converting tolerant edges into exact edges
! STATUS-    
! STATUS-   doing final check of body to report any faults
! STATUS-    
! INFO-     Filing Part ..: Z:\2017\2017 Electrical\NX Models\2017 Display\7seg\B3F_1022_BUTTON
! SUMMARY-   
! SUMMARY-  Summary of Unigraphics Part Entities
! SUMMARY-   
! SUMMARY-  Entities Processed             Count
! SUMMARY-  ------------------             -----
! SUMMARY-  Solid .......................:     1
! SUMMARY-                                 -----
! SUMMARY-  Total                              1
! STATUS-   Creating the UG part (Phase 3 of 3): 28-OCT-2016  1:59:36 PM
! INFO-     Filing Part ..: Z:\2017\2017 Electrical\NX Models\2017 Display\7seg\B3F_1022.prt
! SUMMARY-   
! SUMMARY-  Summary of Unigraphics Part Entities
! SUMMARY-   
! SUMMARY-  Entities Processed             Count
! SUMMARY-  ------------------             -----
! SUMMARY-  Group .......................:     2
! SUMMARY-                                 -----
! SUMMARY-  Total                              2
! INFO-      
! INFO-     Total number of solids input for this translation       :         2
! INFO-      
! INFO-     Number of solids created without body validation faults :         2
! INFO-      
! INFO-     Number of solids created with body validation fault(s)  :         0
! INFO-      
! INFO-     Number of solids ending up as sheet bodies              :         0
! INFO-      
! INFO-     End of Translation: 28-OCT-2016  1:59:37 PM
! INFO-      
