----------------------------------------------------------------------------
SUMMARY-            Translator Settings
----------------------------------------------------------------------------
UNITS                                              = ENGLISH                                           
MAX_SPLINE_DEGREE                                  = 3                                                 
UGI_IMPORT_POLYLINE                                = SPLINE                                            
UGI_DIM_IMPORT_FLAG                                = GROUP                                             
FILL_MODE                                          = OFF                                               
IMPORT_ACAD_MODEL_DATA                             = YES                                               
IMPORT_ACAD_MODEL_DATA_TO                          = MODELING                                          
IMPORT_ACAD_LAYOUTS                                = YES                                               
IMPORT_ACAD_LAYOUTS_TO                             = IMPORTED_VIEW                                     
IMPORT_ACAD_CURVES_ON_SKETCH                       = NO                                                
AVOID_NX_TEMPLATE_PART_LAYERS                      = YES                                               
SET_NX_LAYER_NUMBER_FROM_PREFIX                    = NO                                                
SKIP_UNREFERENCED_ACAD_LAYERS                      = YES                                               
IMPORT_UNSELECTED_ACAD_LAYERS                      = NO                                                
IMPORT_UNSELECTED_ACAD_LAYERS_TO                   = 256                                               
NON_NUMERIC_LAYER_SORTING_CRITERIA                 = ALPHABETICAL                                      
-------------------------------End------------------------------------------

----------------------------------------------------------------------------
SUMMARY-            ACAD and NX Layer Mapping Info
----------------------------------------------------------------------------
ACAD Layer                                        NX Layer                                          
------------                                      -----------                                       
0                                                 2                                                 
1                                                 1                                                 
16                                                16                                                
17                                                17                                                
18                                                18                                                
20                                                20                                                
21                                                21                                                
22                                                22                                                
23                                                23                                                
25                                                25                                                
27                                                27                                                
29                                                29                                                
30                                                30                                                
31                                                31                                                
42                                                42                                                
43                                                43                                                
44                                                44                                                
51                                                51                                                
-------------------------------End------------------------------------------

----------------------------------------------------------------------------
SUMMARY-            ACAD and NX Linefonts Mapping Info
----------------------------------------------------------------------------
ACAD Linefont                                     NX Linefont                                       
------------                                      -----------                                       
CONTINUOUS                                        Solid                                             
-------------------------------End------------------------------------------

----------------------------------------------------------------------------
SUMMARY-            ACAD Text Fonts And NX Text Fonts Info
----------------------------------------------------------------------------
ACAD TextFont                                     NX TextFont                                       
------------                                      -----------                                       
txt                                               Arial Unicode MS                                  
-------------------------------End------------------------------------------

----------------------------------------------------------------------------
SUMMARY-            ACAD and NX Hatch Pattern Mapping Info
----------------------------------------------------------------------------
ACAD Hatch Pattern                                NX Hatch Pattern                                  
------------                                      -----------                                       

-None-
-------------------------------End------------------------------------------

INFO-
INFO-		AutoCAD 16 to Unigraphics Version NX V10.0
INFO-		4.00
INFO-
INFO-		Running DXFTOUG Translator .....
INFO-
INFO-		Start of Translation: Sat Sep 03 15:39:40 2016
INFO-
STATUS-		Converting Z:\2017\2017 Electrical\NX Models\pdu\2014_PDU_REV-7.2.2.dxf
STATUS-
SUMMARY-
SUMMARY-	Summary of AutoCAD Input Entities
SUMMARY-	For AutoCAD File: Z:\2017\2017 Electrical\NX Models\pdu\2014_PDU_REV-7.2.2.dxf
SUMMARY-SUMMARY-	------------------------------------------------------------------
SUMMARY-	Entity Type					Count
SUMMARY-	------------------------------------------------------------------
SUMMARY-	Arc ......................................:	776
SUMMARY-	Circle ...................................:	120
SUMMARY-	Point ....................................:	36
SUMMARY-	Line .....................................:	88
SUMMARY-	Light Weight Polyline ....................:	9322
SUMMARY-	Layout ...................................:	1
SUMMARY-	Xrefed files ............................:	611
SUMMARY-	------------------------------------------------------------------
SUMMARY-	Total ....................................:	10954
SUMMARY-	------------------------------------------------------------------
SUMMARY-
STATUS-
INFO-
INFO-		Writing File: Z:\2017\2017 Electrical\NX Models\pdu\2014_PDU_REV-7.2.2_dxf.prt
SUMMARY-	Summary of UG Output Entities
SUMMARY-	------------------------------------------------------------------
SUMMARY-	Entity Type					Count
SUMMARY-	------------------------------------------------------------------
SUMMARY-	Line .....................................:	1872
SUMMARY-	Point ....................................:	647
SUMMARY-	Arc ......................................:	776
SUMMARY-	Circle ......................................:	120
SUMMARY-	Spline ...................................:	9322
SUMMARY-	Group ....................................:	612
SUMMARY-	Layout ...................................:	1
SUMMARY-	Area Fill ................................:	223
SUMMARY-	------------------------------------------------------------------
SUMMARY-	Total ....................................:	13573
SUMMARY-	------------------------------------------------------------------
SUMMARY-
INFO-
INFO-		End of Translation: Sat Sep 03 15:39:48 2016
INFO-		Translation CPU time: 0 m, 8 s
INFO-
