STEP to UG
! INFO-     NX STEP AP203 - V10.0
! INFO-      
! INFO-     Start of Translation: 29-AUG-2016  12:49:49 PM
! INFO-      
! STATUS-   Converting Part: Z:\2017\2017 Electrical\NX Models\2017 Display\Summer Work\mini_50_stp_347930040.stp
! SUMMARY-   
! SUMMARY-    STEP Header Information
! SUMMARY-   
! SUMMARY-  Description      Unknown
! SUMMARY-  Imp_Level        2;1
! SUMMARY-  File_Name        347930040
! SUMMARY-  Date             2016-04-25T
! SUMMARY-  Author           gsharma
! SUMMARY-  Organization     Unknown
! SUMMARY-  Pre_Version      PRO/ENGINEER BY PARAMETRIC TECHNOLOGY CORPORATION, 2012310
! SUMMARY-  Orig_System      PRO/ENGINEER BY PARAMETRIC TECHNOLOGY CORPORATION, 2012310
! SUMMARY-  Authorization    Unknown
! SUMMARY-  Schema_ID        ap203_configuration_controlled_3d_design_of_mechanical_parts_and_assemblies_mim_lf
! SUMMARY-   
! SUMMARY-    Summary of STEP Entities
! SUMMARY-   
! SUMMARY-  Entity Type                                                   Count
! SUMMARY-  -----------                                                   ------
! SUMMARY-  advanced_brep_shape_representation .........................:      1
! SUMMARY-  advanced_face ..............................................:    670
! SUMMARY-  application_context ........................................:      1
! SUMMARY-  application_protocol_definition ............................:      1
! SUMMARY-  approval ...................................................:      1
! SUMMARY-  approval_date_time .........................................:      1
! SUMMARY-  approval_person_organization ...............................:      1
! SUMMARY-  approval_role ..............................................:      1
! SUMMARY-  approval_status ............................................:      1
! SUMMARY-  axis2_placement_3d .........................................:    910
! SUMMARY-  b_spline_curve_with_knots ..................................:    267
! SUMMARY-  b_spline_surface_with_knots ................................:     50
! SUMMARY-  b_spline_surface_with_knots_and_rational_b_spline_surface ..:     10
! SUMMARY-  calendar_date ..............................................:      1
! SUMMARY-  cartesian_point ............................................:   9961
! SUMMARY-  cc_design_approval .........................................:      1
! SUMMARY-  cc_design_date_and_time_assignment .........................:      2
! SUMMARY-  cc_design_person_and_organization_assignment ...............:      4
! SUMMARY-  cc_design_security_classification ..........................:      1
! SUMMARY-  circle .....................................................:    299
! SUMMARY-  closed_shell ...............................................:      1
! SUMMARY-  composite_curve ............................................:      6
! SUMMARY-  composite_curve_segment ....................................:     12
! SUMMARY-  conversion_based_unit_and_plane_angle_unit .................:      1
! SUMMARY-  coordinated_universal_time_offset ..........................:      1
! SUMMARY-  cylindrical_surface ........................................:    230
! SUMMARY-  date_and_time ..............................................:      1
! SUMMARY-  date_time_role .............................................:      2
! SUMMARY-  design_context .............................................:      1
! SUMMARY-  dimensional_exponents ......................................:      1
! SUMMARY-  direction ..................................................:   2938
! SUMMARY-  edge_curve .................................................:   1672
! SUMMARY-  edge_loop ..................................................:    687
! SUMMARY-  face_bound .................................................:     17
! SUMMARY-  face_outer_bound ...........................................:    670
! SUMMARY-  geometric_representation_context_and_global_uncertainty_a ..:      1
! SUMMARY-  geometric_set ..............................................:      1
! SUMMARY-  geometrically_bounded_surface_shape_representation .........:      1
! SUMMARY-  length_unit_and_si_unit ....................................:      1
! SUMMARY-  line .......................................................:   1118
! SUMMARY-  local_time .................................................:      1
! SUMMARY-  manifold_solid_brep ........................................:      1
! SUMMARY-  mechanical_context .........................................:      1
! SUMMARY-  organization ...............................................:      1
! SUMMARY-  oriented_edge ..............................................:   3344
! SUMMARY-  person .....................................................:      1
! SUMMARY-  person_and_organization ....................................:      1
! SUMMARY-  person_and_organization_role ...............................:      4
! SUMMARY-  plane ......................................................:    331
! SUMMARY-  plane_angle_measure_with_unit ..............................:      1
! SUMMARY-  plane_angle_unit_and_si_unit ...............................:      1
! SUMMARY-  product ....................................................:      1
! SUMMARY-  product_category ...........................................:      1
! SUMMARY-  product_category_relationship ..............................:      1
! SUMMARY-  product_definition .........................................:      1
! SUMMARY-  product_definition_formation_with_specified_source .........:      1
! SUMMARY-  product_definition_shape ...................................:      1
! SUMMARY-  product_related_product_category ...........................:      1
! SUMMARY-  security_classification ....................................:      1
! SUMMARY-  security_classification_level ..............................:      1
! SUMMARY-  shape_definition_representation ............................:      1
! SUMMARY-  shape_representation .......................................:      1
! SUMMARY-  shape_representation_relationship ..........................:      2
! SUMMARY-  si_unit_and_solid_angle_unit ...............................:      1
! SUMMARY-  spherical_surface ..........................................:     49
! SUMMARY-  trimmed_curve ..............................................:     12
! SUMMARY-  uncertainty_measure_with_unit ..............................:      1
! SUMMARY-  vector .....................................................:   1118
! SUMMARY-  vertex_point ...............................................:   1019
! SUMMARY-                                                               -------
! SUMMARY-  Total                                                          25446
! STATUS-    
! STATUS-   Converting to Output Form (Phase 2 of 3): 29-AUG-2016 12:49:50 PM
! STATUS-    
! STATUS-    
! STATUS-   Generating UG geometry and placing them in parts
! STATUS-    
! STATUS-   Creating the UG part (Phase 3 of 3): 29-AUG-2016  12:49:50 PM
! STATUS-    
! STATUS-   Creating UG solid body from Input Ent Id 25298
! STATUS-    
! STATUS-   fixing vertex off curve and/or edge reversed faults
! STATUS-    
! STATUS-   fixing vertex and/or edge off surface faults
! STATUS-    
! STATUS-   fixing self-intersecting, invalid and/or degenerate edge faults
! STATUS-    
! STATUS-   fixing self-intersecting topology faults
! STATUS-    
! STATUS-   fixing inconsistent loop faults
! STATUS-    
! STATUS-   simplifying Bsplines to analytics
! STATUS-    
! STATUS-   converting tolerant edges into exact edges
! STATUS-    
! STATUS-   doing final check of body to report any faults
! STATUS-    
! WARNING-  solid body contains fault: 13821 - RTSTVT: Vertices touch.
! WARNING-  solid body (Unnamed) contains faults that could not be corrected
! WARNING-   
! INFO-     Filing Part ..: Z:\2017\2017 Electrical\NX Models\2017 Display\Summer Work\mini_50_stp_347930040_stp.prt
! SUMMARY-   
! SUMMARY-  Summary of Unigraphics Part Entities
! SUMMARY-   
! SUMMARY-  Entities Processed             Count
! SUMMARY-  ------------------             -----
! SUMMARY-  Arc/Circle ..................:    12
! SUMMARY-  Solid .......................:     1
! SUMMARY-                                 -----
! SUMMARY-  Total                             13
! INFO-      
! INFO-     Total number of solids input for this translation       :         1
! INFO-      
! INFO-     Number of solids created without body validation faults :         0
! INFO-      
! INFO-     Number of solids created with body validation fault(s)  :         1
! INFO-      
! INFO-     Number of solids ending up as sheet bodies              :         0
! INFO-      
! INFO-     End of Translation: 29-AUG-2016  12:49:53 PM
! INFO-      
